2020-03-31 20:45:48,231 : INFO : Archivo descargado: ./31-03-20_reporte-matutino_covid_19.pdf
2020-03-31 20:45:48,451 : INFO : Archivo descargado: ./30-03-20-reporte-vespertino-covid-19.pdf
2020-03-31 20:45:48,626 : INFO : Archivo descargado: ./30-03-20-reporte-matutino-covid-19.pdf
2020-03-31 20:45:48,807 : INFO : Archivo descargado: ./29-03-20_reporte_vespertino_covid_19.pdf
2020-03-31 20:45:49,005 : INFO : Archivo descargado: ./29-03-20-reporte-matutino-covid-19.pdf
2020-03-31 20:45:49,209 : INFO : Archivo descargado: ./28-03-20-reporte-vespertino-covid-19.pdf
2020-03-31 20:45:49,407 : INFO : Archivo descargado: ./28-03-20-reporte-matutino-covid-19.pdf
2020-03-31 20:45:49,538 : INFO : Archivo descargado: ./27-03-20-reporte-diario-vespertino-covid-19.pdf
2020-03-31 20:45:49,746 : INFO : Archivo descargado: ./27-03-20-reporte-diario-matutino-covid-19.pdf
2020-03-31 20:45:49,949 : INFO : Archivo descargado: ./26-03-20-reporte-diario-vespertino-covid-19.pdf
2020-03-31 20:45:50,189 : INFO : Archivo descargado: ./covid19_informe-diario-matutino-26-03.pdf
2020-03-31 20:45:50,427 : INFO : Archivo descargado: ./25-03-20-reporte-diario-vespertino-covid-19.pdf
2020-03-31 20:45:50,637 : INFO : Archivo descargado: ./covid19_informe-diario-matutino-25-03.pdf
2020-03-31 20:45:50,817 : INFO : Archivo descargado: ./24-03-20-reporte-diario-vespertino-covid-19_0.pdf
2020-03-31 20:45:51,046 : INFO : Archivo descargado: ./covid19_informe-diario-matutino-24-03_0.pdf
2020-03-31 20:45:51,242 : INFO : Archivo descargado: ./23-03-2020-covid19_informe-diario.pdf
2020-03-31 20:45:51,470 : INFO : Archivo descargado: ./22-03-20-reporte-diario_covid19.pdf
2020-03-31 20:45:51,684 : INFO : Archivo descargado: ./21-03-20-reporte-diario_covid19.pdf
2020-03-31 20:45:51,874 : INFO : Archivo descargado: ./20-03-20_reporte_diario_covid_19_2.pdf
2020-03-31 20:45:52,039 : INFO : Archivo descargado: ./19-03-20-reporte-diario-covid-19.pdf
2020-03-31 20:45:52,284 : INFO : Archivo descargado: ./18-03-20_reporte_diario_covid-19_1.pdf
2020-03-31 20:45:52,553 : INFO : Archivo descargado: ./17-03-20_reporte_diario_covid-19.pdf
2020-03-31 20:45:52,707 : INFO : Archivo descargado: ./16-03-20-reporte-diario-covid-19_0.pdf
2020-03-31 20:45:52,915 : INFO : Archivo descargado: ./15032020-nuevo-coronavirus-covid-19_0.pdf
2020-03-31 20:45:53,068 : INFO : Archivo descargado: ./14-03-20-reporte-diario-covid-19_0.pdf
2020-03-31 20:45:53,201 : INFO : Archivo descargado: ./13-03-20-reporte-diario-covid-19_0.pdf
2020-03-31 20:45:53,394 : INFO : Archivo descargado: ./12-03-20-nuevo-coronavirus-covid-19_reporte-diario_0.pdf
2020-03-31 20:45:53,521 : INFO : Archivo descargado: ./11-03-2020-nuevo-coronavirus-covid-19-reporte-diario_0.pdf
2020-03-31 20:45:53,690 : INFO : Archivo descargado: ./10-03-2020-nuevo-coronavirus-covid-19-reporte-diario_1.pdf
2020-03-31 20:45:53,931 : INFO : Archivo descargado: ./9-03-2020-nuevo-coronavirus-covid-19-reporte_diario_0.pdf
2020-03-31 20:45:54,157 : INFO : Archivo descargado: ./8-03-2020-nuevo-coronavirus-covid-19-reporte-diario_0.pdf
2020-03-31 20:45:54,333 : INFO : Archivo descargado: ./6-03-2020-nuevo-coronavirus-covid-19-reporte-diario_1.pdf
2020-03-31 20:45:54,543 : INFO : Archivo descargado: ./5-03-2020-nuevo-coronavirus-covid-19-reporte-diario_1.pdf
2020-04-01 09:33:08,935 : INFO : Archivo descargado: ./31-03-20-reporte-vespertino-covid-19.pdf
2020-04-01 13:04:10,916 : INFO : Archivo descargado: ./01-04-20_reporte_matutino_covid_19.pdf
2020-04-01 22:23:01,732 : INFO : Archivo descargado: ./01-04-20_reporte-vespertino_covid-19.pdf
2020-04-02 14:09:00,031 : INFO : Archivo descargado: ./02-04-20_reporte-matutino_covid-19.pdf
2020-04-02 14:09:00,210 : INFO : Archivo descargado: ./01-04-20_reporte_vespertino_covid-19.pdf
2020-04-03 13:41:22,356 : INFO : Archivo descargado: ./03-04-20_reporte_matutino_covid_19_0.pdf
2020-04-03 13:41:22,468 : INFO : Archivo descargado: ./02-04-20_reporte_vespertino_covid_19_0.pdf
2020-04-04 11:53:04,918 : INFO : Archivo descargado: ./03-04-20_reporte_vespertino_covid_19.pdf
2020-04-05 01:18:52,988 : INFO : Archivo descargado: ./04-04-20-reporte-vespertino-covid-19.pdf
2020-04-05 01:18:53,144 : INFO : Archivo descargado: ./04-04-20_reporte-matutino_covid-19.pdf
2020-04-05 14:05:32,670 : INFO : Archivo descargado: ./05-04-20-reporte-matutino-covid-19.pdf
2020-04-05 23:42:39,396 : INFO : Archivo descargado: ./05-04-20-reporte-vespertino-covid-19.pdf
2020-04-07 00:34:53,165 : INFO : Archivo descargado: ./06-04-20-reporte-vespertino-covid-19.pdf
2020-04-07 20:49:04,808 : INFO : Archivo descargado: ./07-04-20-reporte-matutino-covid-19.pdf
2020-04-07 20:49:05,410 : INFO : Archivo descargado: ./06-04-20-reporte-matutino-covid-19.pdf
2020-04-08 00:23:10,941 : INFO : Archivo descargado: ./07-04-20-reporte-vespertino-covid-19.pdf
2020-04-08 17:23:20,567 : INFO : Archivo descargado: ./08-04-20-reporte-matutino-covid-19.pdf
2020-04-09 23:43:36,351 : INFO : Archivo descargado: ./09-04-20-reporte-matutino-covid-19.pdf
2020-04-09 23:43:36,514 : INFO : Archivo descargado: ./08-04-20-reporte-vespertino-covid-19.pdf
2020-04-13 08:49:30,166 : INFO : Archivo descargado: ./12-04-20_reporte_matutino_covid_19.pdf
2020-04-13 08:49:30,276 : INFO : Archivo descargado: ./11-04-20_reporte_vespertino_covid_19.pdf
2020-04-13 08:49:30,392 : INFO : Archivo descargado: ./11-04-20-reporte-matutino-covid-19.pdf
2020-04-13 08:49:30,496 : INFO : Archivo descargado: ./10-04-20_reporte_vespertino_covid_19_0.pdf
2020-04-13 08:49:30,643 : INFO : Archivo descargado: ./10-04-20_reporte-matutino-covid-19_0.pdf
2020-04-13 08:49:30,753 : INFO : Archivo descargado: ./09-04-20_reporte-vespertino-covid-19.pdf
2020-04-14 13:07:09,952 : INFO : Archivo descargado: ./14-04-20_reporte_matutino_covid_19.pdf
2020-04-14 13:07:10,050 : INFO : Archivo descargado: ./13-04-20_reporte_vespertino_covid_19.pdf
2020-04-14 13:07:10,142 : INFO : Archivo descargado: ./13-04-20_reporte_matutino_covid_19.pdf
2020-04-14 13:07:10,239 : INFO : Archivo descargado: ./12-04-20_reporte_vespertino_covid_19.pdf
2020-04-14 23:12:42,360 : INFO : Archivo descargado: ./14-04-20-reporte-vespertino-covid-19.pdf
2020-04-15 19:21:49,386 : INFO : Archivo descargado: ./15-04-20_reporte-matutino-covid-19.pdf
2020-04-19 11:49:22,728 : INFO : Archivo descargado: ./19-04-20_reporte_matutino_covid_19.pdf
2020-04-19 11:49:22,838 : INFO : Archivo descargado: ./18-04-20_reporte-vespertino-covid-19.pdf
2020-04-19 11:49:22,945 : INFO : Archivo descargado: ./18-04-20_reporte-matutino-covid-19.pdf
2020-04-19 11:49:23,052 : INFO : Archivo descargado: ./17-04-20_reporte-vespertino-covid-19.pdf
2020-04-19 11:49:23,165 : INFO : Archivo descargado: ./17-04-20-reporte-matutino-covid-19_0.pdf
2020-04-19 11:49:23,262 : INFO : Archivo descargado: ./16-04-20-reporte-vespertino-covid-19.pdf
2020-04-19 11:49:23,353 : INFO : Archivo descargado: ./16-04-20_reporte_matutino_covid_19.pdf
2020-04-19 11:49:23,449 : INFO : Archivo descargado: ./15-04-20_reporte_vespertino_covid_19.pdf
2020-04-20 10:23:46,748 : INFO : Archivo descargado: ./19-04-20_reporte_vespertino_covid_19.pdf
2020-04-21 09:02:43,406 : INFO : Archivo descargado: ./20-04-20_reporte_vespertino_covid_19.pdf
2020-04-21 09:02:43,539 : INFO : Archivo descargado: ./20-04-20_reporte_matutino_covid_19.pdf
2020-04-23 15:14:41,667 : INFO : Archivo descargado: ./23-04-20-reporte-matutino-covid-19.pdf
2020-04-23 15:14:41,777 : INFO : Archivo descargado: ./22-04-20_reporte_vespertino_covid_19_1.pdf
2020-04-23 15:14:41,920 : INFO : Archivo descargado: ./22-04-20_reporte-matutino-covid-19_2.pdf
2020-04-23 15:14:42,029 : INFO : Archivo descargado: ./21-04-20-reporte-vespertino-covid-19.pdf
2020-04-23 15:14:42,157 : INFO : Archivo descargado: ./21-04-20_reporte-matutino-covid-19.pdf
2020-04-24 13:52:13,459 : INFO : Archivo descargado: ./24-04-20_reporte_matutino_covid_19.pdf
2020-04-24 13:52:13,575 : INFO : Archivo descargado: ./23-04-20_reporte_vespertino_covid_19.pdf
2020-04-25 10:26:15,785 : INFO : Archivo descargado: ./24-04-20-reporte-vespertino-covid-19.pdf
2020-04-25 18:55:52,516 : INFO : Archivo descargado: ./25-04-20-reporte-matutino-covid-19.docx.pdf
2020-04-26 22:29:24,316 : INFO : Archivo descargado: ./26-04-20_reporte_vespertino_covid_19.pdf
2020-04-26 22:29:24,463 : INFO : Archivo descargado: ./26-04-20-reporte-matutino-covid-19.pdf
2020-04-26 22:29:24,616 : INFO : Archivo descargado: ./25-04-20-reporte-vespertino-covid-19.pdf
2020-04-27 23:38:18,446 : INFO : Archivo descargado: ./27-04-20-reporte-vespertino-covid-19.pdf
2020-04-27 23:38:18,595 : INFO : Archivo descargado: ./27-04-20-reporte-matutino-covid-19.pdf
2020-04-28 23:40:50,520 : INFO : Archivo descargado: ./28-04-20-reporte-vespertino-covid-19.pdf
2020-04-28 23:40:50,626 : INFO : Archivo descargado: ./28-04-20_reporte-matutino-covid-19.pdf
2020-04-29 13:43:02,959 : INFO : Archivo descargado: ./29-04-20_reporte-matutino-covid-19.pdf
2020-04-29 21:09:35,513 : INFO : Archivo descargado: ./29-04-20_reporte_vespertino_covid_19.pdf
2020-05-01 02:13:07,348 : INFO : Archivo descargado: ./30-04-20_reporte_vespertino_covid_19.pdf
2020-05-01 02:13:07,470 : INFO : Archivo descargado: ./30-04-20_reporte_matutino_covid_19.pdf
2020-05-02 22:17:57,129 : INFO : Archivo descargado: ./02-05-20-reporte-matutino-covid-19.pdf
2020-05-02 22:17:57,237 : INFO : Archivo descargado: ./01-05-20-reporte-vespertino-covid-19.pdf
2020-05-02 22:17:57,397 : INFO : Archivo descargado: ./01-05-20-reporte-matutino-covid-19.pdf
2020-05-07 16:52:35,216 : INFO : Archivo descargado: ./07-05-20-reporte-matutino-covid-19.pdf
2020-05-07 16:52:36,199 : INFO : Archivo descargado: ./06-05-20_reporte_vespertino_covid_19.pdf
2020-05-07 16:52:37,061 : INFO : Archivo descargado: ./06-05-20-reporte-matutino-covid-19.pdf
2020-05-07 16:52:38,091 : INFO : Archivo descargado: ./05-05-20_reporte_vespertino_covid_19.pdf
2020-05-07 16:52:39,107 : INFO : Archivo descargado: ./05-05-20_reporte-matutino-covid-19.pdf
2020-05-07 16:52:40,094 : INFO : Archivo descargado: ./04-05-20_reporte-vespertino-covid-19.pdf
2020-05-07 16:52:41,076 : INFO : Archivo descargado: ./04-05-20_reporte-matutino-covid-19.pdf
2020-05-07 16:52:42,105 : INFO : Archivo descargado: ./03-05-20_reporte_vespertino_covid_19.pdf
2020-05-07 16:52:43,890 : INFO : Archivo descargado: ./03-05-20-reporte-matutino-covid-19.pdf
2020-05-07 16:52:45,552 : INFO : Archivo descargado: ./02-05-20-reporte-vespertino-covid-19.pdf
2020-05-11 12:36:38,292 : INFO : Archivo descargado: ./11-05-20-reporte-matutino-covid-19.pdf
2020-05-11 12:36:39,561 : INFO : Archivo descargado: ./10-05-20-reporte-vespertino-covid-19.pdf
2020-05-11 12:36:40,528 : INFO : Archivo descargado: ./10-05-20_reporte-matutino-covid-19.pdf
2020-05-11 12:36:41,924 : INFO : Archivo descargado: ./09-05-20_reporte-vespertino_covid-19.pdf
2020-05-11 12:36:42,973 : INFO : Archivo descargado: ./09-05-20_reporte-matutino-covid-19.pdf
2020-05-11 12:36:44,017 : INFO : Archivo descargado: ./08-05-20_reporte-vespertino-covid-19.pdf
2020-05-11 12:36:45,103 : INFO : Archivo descargado: ./08-05-20-reporte-matutino-covid-19.pdf
2020-05-11 12:36:46,085 : INFO : Archivo descargado: ./07-05-20_reporte_vespertino_covid_19.pdf
2020-05-12 15:41:08,034 : INFO : Archivo descargado: ./12-05-20-reporte-matutino-covid-19.pdf
2020-05-14 09:11:58,383 : INFO : Archivo descargado: ./13-05-20_reporte_vespertino_covid_19.pdf
2020-05-14 09:12:35,421 : INFO : Archivo descargado: ./13-05-20_reporte_matutino_covid_19.pdf
2020-05-14 09:12:36,360 : INFO : Archivo descargado: ./12-05-20_reporte_vespertino_covid_19.pdf
2020-05-14 09:12:38,913 : INFO : Archivo descargado: ./11-05-20-reporte-vespertino-covid-19.pdf
2020-05-17 16:23:09,393 : INFO : Archivo descargado: ./17-05-20_reporte_matutino_covid_19.pdf
2020-05-17 16:23:09,521 : INFO : Archivo descargado: ./16-05-20_reporte_vespertino_covid_19.pdf
2020-05-17 16:23:09,634 : INFO : Archivo descargado: ./16-05-20_reporte_matutino_covid_19.docx.pdf
2020-05-17 16:23:09,763 : INFO : Archivo descargado: ./15-05-20_reporte_vespertino_covid_19.pdf
2020-05-17 16:23:09,936 : INFO : Archivo descargado: ./15-05-20_reporte-matutino-covid-19.pdf
2020-05-17 16:23:10,072 : INFO : Archivo descargado: ./14-05-20_reporte_vespertino_covid_19.pdf
2020-05-17 16:23:10,189 : INFO : Archivo descargado: ./14-05-20_reporte-matutino-covid-19.pdf
2020-05-18 18:37:50,097 : INFO : Archivo descargado: ./18-05-20-reporte-matutino-covid-19.pdf
