2020-03-31 20:32:45,947 : INFO : Archivo descargado: ./31-03-20_reporte-matutino_covid_19.pdf
2020-03-31 20:32:46,109 : INFO : Archivo descargado: ./30-03-20-reporte-vespertino-covid-19.pdf
2020-03-31 20:32:46,281 : INFO : Archivo descargado: ./30-03-20-reporte-matutino-covid-19.pdf
2020-03-31 20:32:46,447 : INFO : Archivo descargado: ./29-03-20_reporte_vespertino_covid_19.pdf
2020-03-31 20:32:46,623 : INFO : Archivo descargado: ./29-03-20-reporte-matutino-covid-19.pdf
2020-03-31 20:32:46,855 : INFO : Archivo descargado: ./28-03-20-reporte-vespertino-covid-19.pdf
2020-03-31 20:32:47,089 : INFO : Archivo descargado: ./28-03-20-reporte-matutino-covid-19.pdf
2020-03-31 20:32:47,234 : INFO : Archivo descargado: ./27-03-20-reporte-diario-vespertino-covid-19.pdf
2020-03-31 20:32:47,452 : INFO : Archivo descargado: ./27-03-20-reporte-diario-matutino-covid-19.pdf
2020-03-31 20:32:47,677 : INFO : Archivo descargado: ./26-03-20-reporte-diario-vespertino-covid-19.pdf
2020-03-31 20:32:47,919 : INFO : Archivo descargado: ./covid19_informe-diario-matutino-26-03.pdf
2020-03-31 20:32:48,120 : INFO : Archivo descargado: ./25-03-20-reporte-diario-vespertino-covid-19.pdf
2020-03-31 20:32:48,334 : INFO : Archivo descargado: ./covid19_informe-diario-matutino-25-03.pdf
2020-03-31 20:32:48,527 : INFO : Archivo descargado: ./24-03-20-reporte-diario-vespertino-covid-19_0.pdf
2020-03-31 20:32:48,734 : INFO : Archivo descargado: ./covid19_informe-diario-matutino-24-03_0.pdf
2020-03-31 20:32:48,922 : INFO : Archivo descargado: ./23-03-2020-covid19_informe-diario.pdf
2020-03-31 20:32:49,142 : INFO : Archivo descargado: ./22-03-20-reporte-diario_covid19.pdf
2020-03-31 20:32:49,358 : INFO : Archivo descargado: ./21-03-20-reporte-diario_covid19.pdf
2020-03-31 20:32:49,535 : INFO : Archivo descargado: ./20-03-20_reporte_diario_covid_19_2.pdf
2020-03-31 20:32:49,717 : INFO : Archivo descargado: ./19-03-20-reporte-diario-covid-19.pdf
2020-03-31 20:32:49,920 : INFO : Archivo descargado: ./18-03-20_reporte_diario_covid-19_1.pdf
2020-03-31 20:32:50,202 : INFO : Archivo descargado: ./17-03-20_reporte_diario_covid-19.pdf
2020-03-31 20:32:50,372 : INFO : Archivo descargado: ./16-03-20-reporte-diario-covid-19_0.pdf
2020-03-31 20:32:50,638 : INFO : Archivo descargado: ./15032020-nuevo-coronavirus-covid-19_0.pdf
2020-03-31 20:32:50,808 : INFO : Archivo descargado: ./14-03-20-reporte-diario-covid-19_0.pdf
2020-03-31 20:32:50,922 : INFO : Archivo descargado: ./13-03-20-reporte-diario-covid-19_0.pdf
2020-03-31 20:32:51,062 : INFO : Archivo descargado: ./12-03-20-nuevo-coronavirus-covid-19_reporte-diario_0.pdf
2020-03-31 20:32:51,198 : INFO : Archivo descargado: ./11-03-2020-nuevo-coronavirus-covid-19-reporte-diario_0.pdf
2020-03-31 20:32:51,371 : INFO : Archivo descargado: ./10-03-2020-nuevo-coronavirus-covid-19-reporte-diario_1.pdf
2020-03-31 20:32:51,558 : INFO : Archivo descargado: ./9-03-2020-nuevo-coronavirus-covid-19-reporte_diario_0.pdf
2020-03-31 20:32:51,767 : INFO : Archivo descargado: ./8-03-2020-nuevo-coronavirus-covid-19-reporte-diario_0.pdf
2020-03-31 20:32:51,914 : INFO : Archivo descargado: ./6-03-2020-nuevo-coronavirus-covid-19-reporte-diario_1.pdf
2020-03-31 20:32:52,105 : INFO : Archivo descargado: ./5-03-2020-nuevo-coronavirus-covid-19-reporte-diario_1.pdf
