2020-06-08 20:42:51,075 : INFO : Archivo descargado: ./31-03-20-reporte-vespertino-covid-19.pdf
2020-06-08 20:42:51,236 : INFO : Archivo descargado: ./31-03-20_reporte-matutino_covid_19.pdf
2020-06-08 20:42:51,391 : INFO : Archivo descargado: ./30-03-20-reporte-vespertino-covid-19.pdf
2020-06-08 20:42:51,573 : INFO : Archivo descargado: ./30-03-20-reporte-matutino-covid-19.pdf
2020-06-08 20:42:51,730 : INFO : Archivo descargado: ./29-03-20_reporte_vespertino_covid_19.pdf
2020-06-08 20:42:51,881 : INFO : Archivo descargado: ./29-03-20-reporte-matutino-covid-19.pdf
2020-06-08 20:42:52,194 : INFO : Archivo descargado: ./28-03-20-reporte-vespertino-covid-19.pdf
2020-06-08 20:42:52,370 : INFO : Archivo descargado: ./28-03-20-reporte-matutino-covid-19.pdf
2020-06-08 20:42:52,657 : INFO : Archivo descargado: ./27-03-20-reporte-diario-vespertino-covid-19.pdf
2020-06-08 20:42:52,945 : INFO : Archivo descargado: ./27-03-20-reporte-diario-matutino-covid-19.pdf
2020-06-08 20:42:53,113 : INFO : Archivo descargado: ./26-03-20-reporte-diario-vespertino-covid-19.pdf
2020-06-08 20:42:53,415 : INFO : Archivo descargado: ./covid19_informe-diario-matutino-26-03.pdf
2020-06-08 20:42:53,539 : INFO : Archivo descargado: ./25-03-20-reporte-diario-vespertino-covid-19.pdf
2020-06-08 20:42:53,684 : INFO : Archivo descargado: ./covid19_informe-diario-matutino-25-03.pdf
2020-06-08 20:42:53,958 : INFO : Archivo descargado: ./24-03-20-reporte-diario-vespertino-covid-19_0.pdf
2020-06-08 20:42:54,241 : INFO : Archivo descargado: ./covid19_informe-diario-matutino-24-03_0.pdf
2020-06-08 20:42:54,371 : INFO : Archivo descargado: ./23-03-2020-covid19_informe-diario.pdf
2020-06-08 20:42:54,667 : INFO : Archivo descargado: ./22-03-20-reporte-diario_covid19.pdf
2020-06-08 20:42:54,976 : INFO : Archivo descargado: ./21-03-20-reporte-diario_covid19.pdf
2020-06-08 20:42:55,101 : INFO : Archivo descargado: ./20-03-20_reporte_diario_covid_19_2.pdf
2020-06-08 20:42:55,384 : INFO : Archivo descargado: ./19-03-20-reporte-diario-covid-19.pdf
2020-06-08 20:42:55,539 : INFO : Archivo descargado: ./18-03-20_reporte_diario_covid-19_1.pdf
2020-06-08 20:42:55,706 : INFO : Archivo descargado: ./17-03-20_reporte_diario_covid-19.pdf
2020-06-08 20:42:55,825 : INFO : Archivo descargado: ./16-03-20-reporte-diario-covid-19_0.pdf
2020-06-08 20:42:55,962 : INFO : Archivo descargado: ./15032020-nuevo-coronavirus-covid-19_0.pdf
2020-06-08 20:42:56,066 : INFO : Archivo descargado: ./14-03-20-reporte-diario-covid-19_0.pdf
2020-06-08 20:42:56,162 : INFO : Archivo descargado: ./13-03-20-reporte-diario-covid-19_0.pdf
2020-06-08 20:42:56,255 : INFO : Archivo descargado: ./12-03-20-nuevo-coronavirus-covid-19_reporte-diario_0.pdf
2020-06-08 20:42:56,352 : INFO : Archivo descargado: ./11-03-2020-nuevo-coronavirus-covid-19-reporte-diario_0.pdf
2020-06-08 20:42:56,656 : INFO : Archivo descargado: ./10-03-2020-nuevo-coronavirus-covid-19-reporte-diario_1.pdf
2020-06-08 20:42:56,770 : INFO : Archivo descargado: ./9-03-2020-nuevo-coronavirus-covid-19-reporte_diario_0.pdf
2020-06-08 20:42:56,938 : INFO : Archivo descargado: ./8-03-2020-nuevo-coronavirus-covid-19-reporte-diario_0.pdf
2020-06-08 20:42:57,094 : INFO : Archivo descargado: ./6-03-2020-nuevo-coronavirus-covid-19-reporte-diario_1.pdf
2020-06-08 20:42:57,232 : INFO : Archivo descargado: ./5-03-2020-nuevo-coronavirus-covid-19-reporte-diario_1.pdf
