2020-06-08 20:43:29,982 : INFO : Archivo descargado: ./30-04-20_reporte_vespertino_covid_19.pdf
2020-06-08 20:43:30,098 : INFO : Archivo descargado: ./30-04-20_reporte_matutino_covid_19.pdf
2020-06-08 20:43:30,250 : INFO : Archivo descargado: ./29-04-20_reporte_vespertino_covid_19.pdf
2020-06-08 20:43:30,370 : INFO : Archivo descargado: ./29-04-20_reporte-matutino-covid-19.pdf
2020-06-08 20:43:30,501 : INFO : Archivo descargado: ./28-04-20-reporte-vespertino-covid-19.pdf
2020-06-08 20:43:30,626 : INFO : Archivo descargado: ./28-04-20_reporte-matutino-covid-19.pdf
2020-06-08 20:43:30,920 : INFO : Archivo descargado: ./27-04-20-reporte-vespertino-covid-19.pdf
2020-06-08 20:43:31,043 : INFO : Archivo descargado: ./27-04-20-reporte-matutino-covid-19.pdf
2020-06-08 20:43:31,151 : INFO : Archivo descargado: ./26-04-20_reporte_vespertino_covid_19.pdf
2020-06-08 20:43:31,300 : INFO : Archivo descargado: ./26-04-20-reporte-matutino-covid-19.pdf
2020-06-08 20:43:31,407 : INFO : Archivo descargado: ./25-04-20-reporte-vespertino-covid-19.pdf
2020-06-08 20:43:31,517 : INFO : Archivo descargado: ./25-04-20-reporte-matutino-covid-19.docx.pdf
2020-06-08 20:43:31,631 : INFO : Archivo descargado: ./24-04-20-reporte-vespertino-covid-19.pdf
2020-06-08 20:43:31,735 : INFO : Archivo descargado: ./24-04-20_reporte_matutino_covid_19.pdf
2020-06-08 20:43:31,863 : INFO : Archivo descargado: ./23-04-20_reporte_vespertino_covid_19.pdf
2020-06-08 20:43:31,960 : INFO : Archivo descargado: ./23-04-20-reporte-matutino-covid-19.pdf
2020-06-08 20:43:32,246 : INFO : Archivo descargado: ./22-04-20_reporte_vespertino_covid_19_1.pdf
2020-06-08 20:43:32,543 : INFO : Archivo descargado: ./22-04-20_reporte-matutino-covid-19_2.pdf
2020-06-08 20:43:32,890 : INFO : Archivo descargado: ./21-04-20-reporte-vespertino-covid-19.pdf
2020-06-08 20:43:33,052 : INFO : Archivo descargado: ./21-04-20_reporte-matutino-covid-19.pdf
2020-06-08 20:43:33,355 : INFO : Archivo descargado: ./20-04-20_reporte_vespertino_covid_19.pdf
2020-06-08 20:43:33,670 : INFO : Archivo descargado: ./20-04-20_reporte_matutino_covid_19.pdf
2020-06-08 20:43:33,927 : INFO : Archivo descargado: ./19-04-20_reporte_vespertino_covid_19.pdf
2020-06-08 20:43:34,204 : INFO : Archivo descargado: ./19-04-20_reporte_matutino_covid_19.pdf
2020-06-08 20:43:34,367 : INFO : Archivo descargado: ./18-04-20_reporte-vespertino-covid-19.pdf
2020-06-08 20:43:34,698 : INFO : Archivo descargado: ./18-04-20_reporte-matutino-covid-19.pdf
2020-06-08 20:43:34,858 : INFO : Archivo descargado: ./17-04-20_reporte-vespertino-covid-19.pdf
2020-06-08 20:43:35,173 : INFO : Archivo descargado: ./17-04-20-reporte-matutino-covid-19_0.pdf
2020-06-08 20:43:35,474 : INFO : Archivo descargado: ./16-04-20-reporte-vespertino-covid-19.pdf
2020-06-08 20:43:35,585 : INFO : Archivo descargado: ./16-04-20_reporte_matutino_covid_19.pdf
2020-06-08 20:43:35,681 : INFO : Archivo descargado: ./15-04-20_reporte_vespertino_covid_19.pdf
2020-06-08 20:43:35,962 : INFO : Archivo descargado: ./15-04-20_reporte-matutino-covid-19.pdf
2020-06-08 20:43:36,077 : INFO : Archivo descargado: ./14-04-20-reporte-vespertino-covid-19.pdf
2020-06-08 20:43:36,376 : INFO : Archivo descargado: ./14-04-20_reporte_matutino_covid_19.pdf
2020-06-08 20:43:36,462 : INFO : Archivo descargado: ./13-04-20_reporte_vespertino_covid_19.pdf
2020-06-08 20:43:36,559 : INFO : Archivo descargado: ./13-04-20_reporte_matutino_covid_19.pdf
2020-06-08 20:43:36,656 : INFO : Archivo descargado: ./12-04-20_reporte_vespertino_covid_19.pdf
2020-06-08 20:43:36,751 : INFO : Archivo descargado: ./12-04-20_reporte_matutino_covid_19.pdf
2020-06-08 20:43:37,019 : INFO : Archivo descargado: ./11-04-20_reporte_vespertino_covid_19.pdf
2020-06-08 20:43:37,115 : INFO : Archivo descargado: ./11-04-20-reporte-matutino-covid-19.pdf
2020-06-08 20:43:37,230 : INFO : Archivo descargado: ./10-04-20_reporte_vespertino_covid_19_0.pdf
2020-06-08 20:43:37,367 : INFO : Archivo descargado: ./10-04-20_reporte-matutino-covid-19_0.pdf
2020-06-08 20:43:37,479 : INFO : Archivo descargado: ./09-04-20_reporte-vespertino-covid-19.pdf
2020-06-08 20:43:37,634 : INFO : Archivo descargado: ./09-04-20-reporte-matutino-covid-19.pdf
2020-06-08 20:43:37,740 : INFO : Archivo descargado: ./08-04-20-reporte-vespertino-covid-19.pdf
2020-06-08 20:43:37,875 : INFO : Archivo descargado: ./08-04-20-reporte-matutino-covid-19.pdf
2020-06-08 20:43:37,988 : INFO : Archivo descargado: ./07-04-20-reporte-vespertino-covid-19.pdf
2020-06-08 20:43:38,116 : INFO : Archivo descargado: ./07-04-20-reporte-matutino-covid-19.pdf
2020-06-08 20:43:38,232 : INFO : Archivo descargado: ./06-04-20-reporte-vespertino-covid-19.pdf
2020-06-08 20:43:38,526 : INFO : Archivo descargado: ./06-04-20-reporte-matutino-covid-19.pdf
2020-06-08 20:43:38,641 : INFO : Archivo descargado: ./05-04-20-reporte-vespertino-covid-19.pdf
2020-06-08 20:43:38,766 : INFO : Archivo descargado: ./05-04-20-reporte-matutino-covid-19.pdf
2020-06-08 20:43:38,898 : INFO : Archivo descargado: ./04-04-20-reporte-vespertino-covid-19.pdf
2020-06-08 20:43:39,036 : INFO : Archivo descargado: ./04-04-20_reporte-matutino_covid-19.pdf
2020-06-08 20:43:39,168 : INFO : Archivo descargado: ./03-04-20_reporte_vespertino_covid_19.pdf
2020-06-08 20:43:39,473 : INFO : Archivo descargado: ./03-04-20_reporte_matutino_covid_19_0.pdf
2020-06-08 20:43:39,550 : INFO : Archivo descargado: ./02-04-20_reporte_vespertino_covid_19_0.pdf
2020-06-08 20:43:39,649 : INFO : Archivo descargado: ./02-04-20_reporte-matutino_covid-19.pdf
2020-06-08 20:43:39,789 : INFO : Archivo descargado: ./01-04-20_reporte_vespertino_covid-19.pdf
2020-06-08 20:43:39,901 : INFO : Archivo descargado: ./01-04-20_reporte_matutino_covid_19.pdf
