2020-06-08 20:45:13,555 : INFO : Archivo descargado: ./08-06-20-reporte-matutino-covid-19.pdf
2020-06-08 20:45:13,664 : INFO : Archivo descargado: ./07-06-20-reporte-vespertino-covid-19.pdf
2020-06-08 20:45:13,787 : INFO : Archivo descargado: ./7-06-20-reporte-matutino-covid-19.pdf
2020-06-08 20:45:13,906 : INFO : Archivo descargado: ./06-06-20_reporte-vespertino_covid-19.pdf
2020-06-08 20:45:14,037 : INFO : Archivo descargado: ./06-06-20_reporte-matutino-covid-19.pdf
2020-06-08 20:45:14,137 : INFO : Archivo descargado: ./5-06-20_reporte_vespertino_covid_19.pdf
2020-06-08 20:45:14,284 : INFO : Archivo descargado: ./05-06-20_reporte-matutino-covid-19.pdf
2020-06-08 20:45:14,392 : INFO : Archivo descargado: ./04-06-20_reporte-vespertino_covid-19.pdf
2020-06-08 20:45:14,500 : INFO : Archivo descargado: ./04-06-20-reporte-matutino-covid-19.pdf
2020-06-08 20:45:14,617 : INFO : Archivo descargado: ./3-06-20-reporte-vespertino-covid-19.pdf
2020-06-08 20:45:14,721 : INFO : Archivo descargado: ./03-06-20_reporte-matutino-covid-19.pdf
2020-06-08 20:45:14,838 : INFO : Archivo descargado: ./02-06-20_reporte-vespertino_covid-19.pdf
2020-06-08 20:45:14,957 : INFO : Archivo descargado: ./2-06-20-reporte-matutino-covid-19.pdf
2020-06-08 20:45:15,082 : INFO : Archivo descargado: ./1-06-20_reporte_vespertino_covid_19.pdf
2020-06-08 20:45:15,190 : INFO : Archivo descargado: ./01-06-20_reporte-matutino-covid-19.pdf
2020-06-08 21:00:27,540 : INFO : Archivo descargado: ./7-06-20-reporte-matutino-covid-19.pdf
2020-06-08 21:00:27,878 : INFO : Archivo descargado: ./5-06-20_reporte_vespertino_covid_19.pdf
2020-06-08 21:00:28,630 : INFO : Archivo descargado: ./3-06-20-reporte-vespertino-covid-19.pdf
2020-06-08 21:00:29,080 : INFO : Archivo descargado: ./2-06-20-reporte-matutino-covid-19.pdf
2020-06-08 21:00:29,244 : INFO : Archivo descargado: ./1-06-20_reporte_vespertino_covid_19.pdf
2020-06-08 21:01:05,820 : INFO : Archivo descargado: ./08-06-20-reporte-matutino-covid-19.pdf
2020-06-08 21:01:05,923 : INFO : Archivo descargado: ./07-06-20-reporte-vespertino-covid-19.pdf
2020-06-08 21:01:06,042 : INFO : Archivo descargado: ./7-06-20-reporte-matutino-covid-19.pdf
2020-06-08 21:01:06,155 : INFO : Archivo descargado: ./06-06-20_reporte-vespertino_covid-19.pdf
2020-06-08 21:01:06,272 : INFO : Archivo descargado: ./06-06-20_reporte-matutino-covid-19.pdf
2020-06-08 21:01:06,372 : INFO : Archivo descargado: ./5-06-20_reporte_vespertino_covid_19.pdf
2020-06-08 21:01:06,488 : INFO : Archivo descargado: ./05-06-20_reporte-matutino-covid-19.pdf
2020-06-08 21:01:06,621 : INFO : Archivo descargado: ./04-06-20_reporte-vespertino_covid-19.pdf
2020-06-08 21:01:06,719 : INFO : Archivo descargado: ./04-06-20-reporte-matutino-covid-19.pdf
2020-06-08 21:01:06,817 : INFO : Archivo descargado: ./3-06-20-reporte-vespertino-covid-19.pdf
2020-06-08 21:01:06,992 : INFO : Archivo descargado: ./03-06-20_reporte-matutino-covid-19.pdf
2020-06-08 21:01:07,102 : INFO : Archivo descargado: ./02-06-20_reporte-vespertino_covid-19.pdf
2020-06-08 21:01:07,207 : INFO : Archivo descargado: ./2-06-20-reporte-matutino-covid-19.pdf
2020-06-08 21:01:07,305 : INFO : Archivo descargado: ./1-06-20_reporte_vespertino_covid_19.pdf
2020-06-08 21:01:07,585 : INFO : Archivo descargado: ./01-06-20_reporte-matutino-covid-19.pdf
2020-06-08 21:45:47,066 : INFO : Archivo descargado: ./8-06-20-reporte-vespertino-covid-19.pdf
2020-06-08 22:27:52,789 : INFO : Archivo descargado: ./8-06-20-reporte-vespertino-covid-19.pdf
2020-06-08 22:27:52,789 : INFO : Archivo descargado: ./8-06-20-reporte-vespertino-covid-19.pdf
2020-06-08 22:30:20,395 : INFO : Archivo descargado: ./8-06-20-reporte-vespertino-covid-19.pdf
2020-06-08 22:30:20,395 : INFO : Archivo descargado: ./8-06-20-reporte-vespertino-covid-19.pdf
2020-06-08 22:35:43,627 : INFO : Archivo descargado: ./8-06-20-reporte-vespertino-covid-19.pdf
2020-06-08 22:35:43,627 : INFO : Archivo descargado: ./8-06-20-reporte-vespertino-covid-19.pdf
2020-06-08 22:51:44,111 : INFO : Archivo descargado: ./8-06-20-reporte-vespertino-covid-19.pdf
2020-06-08 22:51:44,136 : DEBUG : Archivo descargado: ./8-06-20-reporte-vespertino-covid-19.pdf
2020-06-08 23:15:47,283 : INFO : Archivo descargado: ./8-06-20-reporte-vespertino-covid-19.pdf
2020-06-08 23:20:27,755 : INFO : Archivo descargado: ./8-06-20-reporte-vespertino-covid-19.pdf
2020-06-08 23:20:56,931 : INFO : Archivo descargado: ./8-06-20-reporte-vespertino-covid-19.pdf
2020-06-08 23:21:32,098 : INFO : Archivo descargado: ./8-06-20-reporte-vespertino-covid-19.pdf
2020-06-08 23:21:52,918 : INFO : Archivo descargado: ./8-06-20-reporte-vespertino-covid-19.pdf
2020-06-08 23:22:57,237 : INFO : Archivo descargado: ./8-06-20-reporte-vespertino-covid-19.pdf
2020-06-08 23:23:32,568 : INFO : Archivo descargado: ./8-06-20-reporte-vespertino-covid-19.pdf
2020-06-08 23:23:32,568 : INFO : Archivo descargado: ./8-06-20-reporte-vespertino-covid-19.pdf
2020-06-08 23:24:40,646 : INFO : Archivo descargado: ./8-06-20-reporte-vespertino-covid-19.pdf
2020-06-08 23:24:40,646 : INFO : Archivo descargado: ./8-06-20-reporte-vespertino-covid-19.pdf
2020-06-08 23:30:04,302 : INFO : Archivo descargado: ./8-06-20-reporte-vespertino-covid-19.pdf
2020-06-08 23:30:04,302 : INFO : Archivo descargado: ./8-06-20-reporte-vespertino-covid-19.pdf
2020-06-08 23:31:32,950 : INFO : Archivo descargado: ./8-06-20-reporte-vespertino-covid-19.pdf
2020-06-08 23:31:32,950 : INFO : Archivo descargado: ./8-06-20-reporte-vespertino-covid-19.pdf
2020-06-08 23:32:25,099 : INFO : Archivo descargado: ./8-06-20-reporte-vespertino-covid-19.pdf
2020-06-08 23:32:25,099 : INFO : Archivo descargado: ./8-06-20-reporte-vespertino-covid-19.pdf
