2020-06-08 20:44:12,934 : INFO : Archivo descargado: ./31-05-20_reporte_vespertino_covid_19.pdf
2020-06-08 20:44:13,083 : INFO : Archivo descargado: ./31-05-20_reporte-matutino-covid-19.pdf
2020-06-08 20:44:13,239 : INFO : Archivo descargado: ./30-05-20_reporte_vespertino_covid_19.pdf
2020-06-08 20:44:13,511 : INFO : Archivo descargado: ./30-05-20_reporte-matutino-covid-19.pdf
2020-06-08 20:44:13,786 : INFO : Archivo descargado: ./29-05-20-reporte-vespertino-covid-19.pdf
2020-06-08 20:44:13,944 : INFO : Archivo descargado: ./29-05-20_reporte-matutino_covid-19.pdf
2020-06-08 20:44:14,109 : INFO : Archivo descargado: ./28-05-20_reporte_vespertino_covid_19.pdf
2020-06-08 20:44:14,380 : INFO : Archivo descargado: ./28-05-20-reporte-matutino-covid.pdf
2020-06-08 20:44:14,650 : INFO : Archivo descargado: ./27-05-20_reporte_vespertino_covid_19.pdf
2020-06-08 20:44:14,926 : INFO : Archivo descargado: ./27-05-20_reporte-matutino_covid-19.pdf
2020-06-08 20:44:15,222 : INFO : Archivo descargado: ./26-05-20-reporte-vespertino-covid-19.pdf
2020-06-08 20:44:15,345 : INFO : Archivo descargado: ./26-05-20_reporte-matutino_covid-19.pdf
2020-06-08 20:44:15,484 : INFO : Archivo descargado: ./25-05-20_reporte_vespertino_covid_19.pdf
2020-06-08 20:44:15,624 : INFO : Archivo descargado: ./25-05-20_reporte_matutino_covid_19.pdf
2020-06-08 20:44:15,757 : INFO : Archivo descargado: ./24-05-20-reporte-vespertino-covid-19.pdf
2020-06-08 20:44:15,863 : INFO : Archivo descargado: ./24-05-20-reporte-matutino-covid-19.pdf
2020-06-08 20:44:15,978 : INFO : Archivo descargado: ./23-05-20_reporte_vespertino_covid_19.pdf
2020-06-08 20:44:16,083 : INFO : Archivo descargado: ./23-05-20_reporte-matutino_covid-19.pdf
2020-06-08 20:44:16,198 : INFO : Archivo descargado: ./22-05-20_reporte-vespertino_covid-19.pdf
2020-06-08 20:44:16,334 : INFO : Archivo descargado: ./22-05-20_reporte_matutino_covid_19.pdf
2020-06-08 20:44:16,442 : INFO : Archivo descargado: ./21-05-20_reporte_vespertino_covid_19.pdf
2020-06-08 20:44:16,551 : INFO : Archivo descargado: ./21-05-20_reporte-matutino-covid-19.pdf
2020-06-08 20:44:16,657 : INFO : Archivo descargado: ./20-05-20-reporte-vespertino-covid-19.pdf
2020-06-08 20:44:16,792 : INFO : Archivo descargado: ./20-05-20_reporte-matutino-covid-19.pdf
2020-06-08 20:44:16,903 : INFO : Archivo descargado: ./19-05-20_reporte_vespertino_covid_19.pdf
2020-06-08 20:44:17,041 : INFO : Archivo descargado: ./19-05-20_reporte_matutino_covid_19.pdf
2020-06-08 20:44:17,151 : INFO : Archivo descargado: ./18-05-20_reporte_vespertino_covid_19.pdf
2020-06-08 20:44:17,262 : INFO : Archivo descargado: ./18-05-20-reporte-matutino-covid-19.pdf
2020-06-08 20:44:17,364 : INFO : Archivo descargado: ./17-05-20_reporte_vespertino_covid_19.pdf
2020-06-08 20:44:17,505 : INFO : Archivo descargado: ./17-05-20_reporte_matutino_covid_19.pdf
2020-06-08 20:44:17,605 : INFO : Archivo descargado: ./16-05-20_reporte_vespertino_covid_19.pdf
2020-06-08 20:44:17,726 : INFO : Archivo descargado: ./16-05-20_reporte_matutino_covid_19.docx.pdf
2020-06-08 20:44:17,841 : INFO : Archivo descargado: ./15-05-20_reporte_vespertino_covid_19.pdf
2020-06-08 20:44:17,965 : INFO : Archivo descargado: ./15-05-20_reporte-matutino-covid-19.pdf
2020-06-08 20:44:18,273 : INFO : Archivo descargado: ./14-05-20_reporte_vespertino_covid_19.pdf
2020-06-08 20:44:18,377 : INFO : Archivo descargado: ./14-05-20_reporte-matutino-covid-19.pdf
2020-06-08 20:44:18,657 : INFO : Archivo descargado: ./13-05-20_reporte_vespertino_covid_19.pdf
2020-06-08 20:44:18,785 : INFO : Archivo descargado: ./13-05-20_reporte_matutino_covid_19.pdf
2020-06-08 20:44:19,063 : INFO : Archivo descargado: ./12-05-20_reporte_vespertino_covid_19.pdf
2020-06-08 20:44:19,148 : INFO : Archivo descargado: ./12-05-20-reporte-matutino-covid-19.pdf
2020-06-08 20:44:19,288 : INFO : Archivo descargado: ./11-05-20-reporte-vespertino-covid-19.pdf
2020-06-08 20:44:19,413 : INFO : Archivo descargado: ./11-05-20-reporte-matutino-covid-19.pdf
2020-06-08 20:44:19,737 : INFO : Archivo descargado: ./10-05-20-reporte-vespertino-covid-19.pdf
2020-06-08 20:44:19,841 : INFO : Archivo descargado: ./10-05-20_reporte-matutino-covid-19.pdf
2020-06-08 20:44:20,018 : INFO : Archivo descargado: ./09-05-20_reporte-vespertino_covid-19.pdf
2020-06-08 20:44:20,138 : INFO : Archivo descargado: ./09-05-20_reporte-matutino-covid-19.pdf
2020-06-08 20:44:20,267 : INFO : Archivo descargado: ./08-05-20_reporte-vespertino-covid-19.pdf
2020-06-08 20:44:20,395 : INFO : Archivo descargado: ./08-05-20-reporte-matutino-covid-19.pdf
2020-06-08 20:44:20,754 : INFO : Archivo descargado: ./07-05-20_reporte_vespertino_covid_19.pdf
2020-06-08 20:44:20,852 : INFO : Archivo descargado: ./07-05-20-reporte-matutino-covid-19.pdf
2020-06-08 20:44:20,985 : INFO : Archivo descargado: ./06-05-20_reporte_vespertino_covid_19.pdf
2020-06-08 20:44:21,109 : INFO : Archivo descargado: ./06-05-20-reporte-matutino-covid-19.pdf
2020-06-08 20:44:21,212 : INFO : Archivo descargado: ./05-05-20_reporte_vespertino_covid_19.pdf
2020-06-08 20:44:21,338 : INFO : Archivo descargado: ./05-05-20_reporte-matutino-covid-19.pdf
2020-06-08 20:44:21,694 : INFO : Archivo descargado: ./04-05-20_reporte-vespertino-covid-19.pdf
2020-06-08 20:44:21,837 : INFO : Archivo descargado: ./04-05-20_reporte-matutino-covid-19.pdf
2020-06-08 20:44:22,136 : INFO : Archivo descargado: ./03-05-20_reporte_vespertino_covid_19.pdf
2020-06-08 20:44:22,253 : INFO : Archivo descargado: ./03-05-20-reporte-matutino-covid-19.pdf
2020-06-08 20:44:22,535 : INFO : Archivo descargado: ./02-05-20-reporte-vespertino-covid-19.pdf
2020-06-08 20:44:22,626 : INFO : Archivo descargado: ./02-05-20-reporte-matutino-covid-19.pdf
2020-06-08 20:44:22,923 : INFO : Archivo descargado: ./01-05-20-reporte-vespertino-covid-19.pdf
2020-06-08 20:44:23,032 : INFO : Archivo descargado: ./01-05-20-reporte-matutino-covid-19.pdf
